<?xml version="1.0" encoding="UTF-8"?>
<!-- Generated by org.testng.reporters.JUnitReportReporter -->
<testsuite hostname="DESKTOP-KV1TCAF" failures="0" tests="1" name="gitPrac3.GitPrac3" time="2.466" errors="0" timestamp="2022-07-14T17:08:45 CDT" skipped="0">
  <testcase classname="gitPrac3.GitPrac3" name="init" time="2.466"/>
  <system-out/>
</testsuite> <!-- gitPrac3.GitPrac3 -->
